[    51.116] 
X.Org X Server 1.21.1.13
X Protocol Version 11, Revision 0
[    51.116] Current Operating System: Linux System 6.6.30-1-lts #1 SMP PREEMPT_DYNAMIC Thu, 02 May 2024 18:20:28 +0000 x86_64
[    51.117] Kernel command line: BOOT_IMAGE=/boot/vmlinuz-linux-lts root=UUID=ae7a25fc-9e13-48d8-844c-42c90731b585 rw loglevel=3 quiet
[    51.117]  
[    51.117] Current version of pixman: 0.43.4
[    51.117] 	Before reporting problems, check http://wiki.x.org
	to make sure that you have the latest version.
[    51.117] Markers: (--) probed, (**) from config file, (==) default setting,
	(++) from command line, (!!) notice, (II) informational,
	(WW) warning, (EE) error, (NI) not implemented, (??) unknown.
[    51.117] (==) Log file: "/home/AliFarooq/.local/share/xorg/Xorg.0.log", Time: Wed Jul 17 15:02:43 2024
[    51.117] (==) Using config directory: "/etc/X11/xorg.conf.d"
[    51.117] (==) Using system config directory "/usr/share/X11/xorg.conf.d"
[    51.117] (==) No Layout section.  Using the first Screen section.
[    51.117] (==) No screen section available. Using defaults.
[    51.117] (**) |-->Screen "Default Screen Section" (0)
[    51.117] (**) |   |-->Monitor "<default monitor>"
[    51.118] (==) No monitor specified for screen "Default Screen Section".
	Using a default monitor configuration.
[    51.118] (**) Allowing byte-swapped clients
[    51.118] (==) Automatically adding devices
[    51.118] (==) Automatically enabling devices
[    51.118] (==) Automatically adding GPU devices
[    51.118] (==) Automatically binding GPU devices
[    51.118] (==) Max clients allowed: 256, resource mask: 0x1fffff
[    51.118] (WW) The directory "/usr/share/fonts/OTF" does not exist.
[    51.118] 	Entry deleted from font path.
[    51.118] (WW) The directory "/usr/share/fonts/Type1" does not exist.
[    51.118] 	Entry deleted from font path.
[    51.118] (==) FontPath set to:
	/usr/share/fonts/misc,
	/usr/share/fonts/TTF,
	/usr/share/fonts/100dpi,
	/usr/share/fonts/75dpi
[    51.118] (==) ModulePath set to "/usr/lib/xorg/modules"
[    51.118] (II) The server relies on udev to provide the list of input devices.
	If no devices become available, reconfigure udev or disable AutoAddDevices.
[    51.118] (II) Module ABI versions:
[    51.118] 	X.Org ANSI C Emulation: 0.4
[    51.118] 	X.Org Video Driver: 25.2
[    51.118] 	X.Org XInput driver : 24.4
[    51.118] 	X.Org Server Extension : 10.0
[    51.118] (++) using VT number 1

[    51.119] (II) systemd-logind: took control of session /org/freedesktop/login1/session/_31
[    51.121] (II) xfree86: Adding drm device (/dev/dri/card1)
[    51.121] (II) Platform probe for /sys/devices/pci0000:00/0000:00:02.0/drm/card1
[    51.122] (II) systemd-logind: got fd for /dev/dri/card1 226:1 fd 13 paused 0
[    51.125] (--) PCI:*(0@0:2:0) 8086:1916:103c:8079 rev 7, Mem @ 0xe0000000/16777216, 0xd0000000/268435456, I/O @ 0x00003000/64, BIOS @ 0x????????/131072
[    51.125] (WW) Open ACPI failed (/var/run/acpid.socket) (No such file or directory)
[    51.125] (II) LoadModule: "glx"
[    51.125] (II) Loading /usr/lib/xorg/modules/extensions/libglx.so
[    51.127] (II) Module glx: vendor="X.Org Foundation"
[    51.127] 	compiled for 1.21.1.13, module version = 1.0.0
[    51.127] 	ABI class: X.Org Server Extension, version 10.0
[    51.127] (==) Matched intel as autoconfigured driver 0
[    51.127] (==) Matched modesetting as autoconfigured driver 1
[    51.127] (==) Matched fbdev as autoconfigured driver 2
[    51.127] (==) Matched vesa as autoconfigured driver 3
[    51.127] (==) Assigned the driver to the xf86ConfigLayout
[    51.127] (II) LoadModule: "intel"
[    51.127] (WW) Warning, couldn't open module intel
[    51.127] (EE) Failed to load module "intel" (module does not exist, 0)
[    51.127] (II) LoadModule: "modesetting"
[    51.127] (II) Loading /usr/lib/xorg/modules/drivers/modesetting_drv.so
[    51.128] (II) Module modesetting: vendor="X.Org Foundation"
[    51.128] 	compiled for 1.21.1.13, module version = 1.21.1
[    51.128] 	Module class: X.Org Video Driver
[    51.128] 	ABI class: X.Org Video Driver, version 25.2
[    51.128] (II) LoadModule: "fbdev"
[    51.128] (WW) Warning, couldn't open module fbdev
[    51.128] (EE) Failed to load module "fbdev" (module does not exist, 0)
[    51.128] (II) LoadModule: "vesa"
[    51.128] (II) Loading /usr/lib/xorg/modules/drivers/vesa_drv.so
[    51.128] (II) Module vesa: vendor="X.Org Foundation"
[    51.128] 	compiled for 1.21.1.11, module version = 2.6.0
[    51.128] 	Module class: X.Org Video Driver
[    51.128] 	ABI class: X.Org Video Driver, version 25.2
[    51.128] (II) modesetting: Driver for Modesetting Kernel Drivers: kms
[    51.128] (II) VESA: driver for VESA chipsets: vesa
[    51.128] xf86EnableIO: failed to enable I/O ports 0000-03ff (Operation not permitted)
[    51.128] (II) modeset(0): using drv /dev/dri/card1
[    51.128] (WW) VGA arbiter: cannot open kernel arbiter, no multi-card support
[    51.128] (II) modeset(0): Creating default Display subsection in Screen section
	"Default Screen Section" for depth/fbbpp 24/32
[    51.128] (==) modeset(0): Depth 24, (==) framebuffer bpp 32
[    51.128] (==) modeset(0): RGB weight 888
[    51.128] (==) modeset(0): Default visual is TrueColor
[    51.128] (II) Loading sub module "glamoregl"
[    51.128] (II) LoadModule: "glamoregl"
[    51.129] (II) Loading /usr/lib/xorg/modules/libglamoregl.so
[    51.132] (II) Module glamoregl: vendor="X.Org Foundation"
[    51.132] 	compiled for 1.21.1.13, module version = 1.0.1
[    51.132] 	ABI class: X.Org ANSI C Emulation, version 0.4
[    51.164] (II) modeset(0): glamor X acceleration enabled on Mesa Intel(R) HD Graphics 520 (SKL GT2)
[    51.164] (II) modeset(0): glamor initialized
[    51.164] (==) modeset(0): VariableRefresh: disabled
[    51.164] (==) modeset(0): AsyncFlipSecondaries: disabled
[    51.166] (II) modeset(0): Output eDP-1 has no monitor section
[    51.166] (II) modeset(0): Output DP-1 has no monitor section
[    51.170] (II) modeset(0): Output HDMI-1 has no monitor section
[    51.170] (II) modeset(0): Output DP-2 has no monitor section
[    51.174] (II) modeset(0): Output HDMI-2 has no monitor section
[    51.176] (II) modeset(0): EDID for output eDP-1
[    51.176] (II) modeset(0): Manufacturer: AUO  Model: 123d  Serial#: 0
[    51.176] (II) modeset(0): Year: 2013  Week: 0
[    51.176] (II) modeset(0): EDID Version: 1.4
[    51.176] (II) modeset(0): Digital Display Input
[    51.176] (II) modeset(0): 6 bits per channel
[    51.176] (II) modeset(0): Digital interface is DisplayPort
[    51.176] (II) modeset(0): Max Image Size [cm]: horiz.: 31  vert.: 17
[    51.176] (II) modeset(0): Gamma: 2.20
[    51.176] (II) modeset(0): No DPMS capabilities specified
[    51.176] (II) modeset(0): Supported color encodings: RGB 4:4:4 
[    51.176] (II) modeset(0): First detailed timing is preferred mode
[    51.176] (II) modeset(0): Preferred mode is native pixel format and refresh rate
[    51.176] (II) modeset(0): redX: 0.588 redY: 0.345   greenX: 0.327 greenY: 0.542
[    51.176] (II) modeset(0): blueX: 0.151 blueY: 0.143   whiteX: 0.313 whiteY: 0.329
[    51.176] (II) modeset(0): Manufacturer's mask: 0
[    51.176] (II) modeset(0): Supported detailed timing:
[    51.176] (II) modeset(0): clock: 141.0 MHz   Image Size:  309 x 173 mm
[    51.176] (II) modeset(0): h_active: 1920  h_sync: 1968  h_sync_end 2068 h_blank_end 2100 h_border: 0
[    51.176] (II) modeset(0): v_active: 1080  v_sync: 1083  v_sync_end 1084 v_blanking: 1118 v_border: 0
[    51.176] (II) modeset(0): Supported detailed timing:
[    51.176] (II) modeset(0): clock: 94.0 MHz   Image Size:  309 x 173 mm
[    51.176] (II) modeset(0): h_active: 1920  h_sync: 1968  h_sync_end 2068 h_blank_end 2100 h_border: 0
[    51.176] (II) modeset(0): v_active: 1080  v_sync: 1083  v_sync_end 1084 v_blanking: 1118 v_border: 0
[    51.176] (II) modeset(0): Unknown vendor-specific block 2
[    51.176] (II) modeset(0): EDID (in hex):
[    51.176] (II) modeset(0): 	00ffffffffffff0006af3d1200000000
[    51.176] (II) modeset(0): 	00170104951f1178029fe59658538a26
[    51.176] (II) modeset(0): 	24505400000001010101010101010101
[    51.176] (II) modeset(0): 	010101010101143780b4703826403064
[    51.176] (II) modeset(0): 	310035ad10000018b82480b470382640
[    51.176] (II) modeset(0): 	3064310035ad10000018000000000000
[    51.176] (II) modeset(0): 	00000000000000000000000000000002
[    51.176] (II) modeset(0): 	001036ff0f3c961b10289620202000a0
[    51.176] (II) modeset(0): Printing probed modes for output eDP-1
[    51.176] (II) modeset(0): Modeline "1920x1080"x60.1  141.00  1920 1968 2068 2100  1080 1083 1084 1118 -hsync -vsync (67.1 kHz eP)
[    51.176] (II) modeset(0): Modeline "1920x1080"x120.0  356.38  1920 2080 2288 2656  1080 1081 1084 1118 doublescan -hsync +vsync (134.2 kHz d)
[    51.176] (II) modeset(0): Modeline "1920x1080"x119.9  266.50  1920 1944 1960 2000  1080 1081 1084 1111 doublescan +hsync -vsync (133.2 kHz d)
[    51.176] (II) modeset(0): Modeline "1920x1080"x60.0  173.00  1920 2048 2248 2576  1080 1083 1088 1120 -hsync +vsync (67.2 kHz d)
[    51.176] (II) modeset(0): Modeline "1920x1080"x59.9  138.50  1920 1968 2000 2080  1080 1083 1088 1111 +hsync -vsync (66.6 kHz d)
[    51.176] (II) modeset(0): Modeline "1920x1080"x40.0   94.00  1920 1968 2068 2100  1080 1083 1084 1118 -hsync -vsync (44.8 kHz e)
[    51.176] (II) modeset(0): Modeline "1680x1050"x60.0  146.25  1680 1784 1960 2240  1050 1053 1059 1089 -hsync +vsync (65.3 kHz d)
[    51.177] (II) modeset(0): Modeline "1680x1050"x59.9  119.00  1680 1728 1760 1840  1050 1053 1059 1080 +hsync -vsync (64.7 kHz d)
[    51.177] (II) modeset(0): Modeline "1400x1050"x60.0  122.00  1400 1488 1640 1880  1050 1052 1064 1082 +hsync +vsync (64.9 kHz d)
[    51.177] (II) modeset(0): Modeline "1600x900"x120.0  246.00  1600 1728 1900 2200  900 901 904 932 doublescan -hsync +vsync (111.8 kHz d)
[    51.177] (II) modeset(0): Modeline "1600x900"x119.9  186.50  1600 1624 1640 1680  900 901 904 926 doublescan +hsync -vsync (111.0 kHz d)
[    51.177] (II) modeset(0): Modeline "1600x900"x59.9  118.25  1600 1696 1856 2112  900 903 908 934 -hsync +vsync (56.0 kHz d)
[    51.177] (II) modeset(0): Modeline "1600x900"x59.8   97.50  1600 1648 1680 1760  900 903 908 926 +hsync -vsync (55.4 kHz d)
[    51.177] (II) modeset(0): Modeline "1280x1024"x60.0  108.00  1280 1328 1440 1688  1024 1025 1028 1066 +hsync +vsync (64.0 kHz d)
[    51.177] (II) modeset(0): Modeline "1400x900"x60.0  103.50  1400 1480 1624 1848  900 903 913 934 -hsync +vsync (56.0 kHz d)
[    51.177] (II) modeset(0): Modeline "1400x900"x59.9   86.50  1400 1448 1480 1560  900 903 913 926 +hsync -vsync (55.4 kHz d)
[    51.177] (II) modeset(0): Modeline "1280x960"x60.0  108.00  1280 1376 1488 1800  960 961 964 1000 +hsync +vsync (60.0 kHz d)
[    51.177] (II) modeset(0): Modeline "1440x810"x120.0  198.12  1440 1548 1704 1968  810 811 814 839 doublescan -hsync +vsync (100.7 kHz d)
[    51.177] (II) modeset(0): Modeline "1440x810"x119.9  151.88  1440 1464 1480 1520  810 811 814 833 doublescan +hsync -vsync (99.9 kHz d)
[    51.177] (II) modeset(0): Modeline "1368x768"x59.9   85.25  1368 1440 1576 1784  768 771 781 798 -hsync +vsync (47.8 kHz d)
[    51.177] (II) modeset(0): Modeline "1368x768"x59.9   72.25  1368 1416 1448 1528  768 771 781 790 +hsync -vsync (47.3 kHz d)
[    51.177] (II) modeset(0): Modeline "1280x800"x120.0  174.25  1280 1380 1516 1752  800 801 804 829 doublescan -hsync +vsync (99.5 kHz d)
[    51.177] (II) modeset(0): Modeline "1280x800"x119.9  134.25  1280 1304 1320 1360  800 801 804 823 doublescan +hsync -vsync (98.7 kHz d)
[    51.177] (II) modeset(0): Modeline "1280x800"x59.8   83.50  1280 1352 1480 1680  800 803 809 831 -hsync +vsync (49.7 kHz d)
[    51.177] (II) modeset(0): Modeline "1280x800"x59.9   71.00  1280 1328 1360 1440  800 803 809 823 +hsync -vsync (49.3 kHz d)
[    51.177] (II) modeset(0): Modeline "1280x720"x120.0  156.12  1280 1376 1512 1744  720 721 724 746 doublescan -hsync +vsync (89.5 kHz d)
[    51.177] (II) modeset(0): Modeline "1280x720"x120.0  120.75  1280 1304 1320 1360  720 721 724 740 doublescan +hsync -vsync (88.8 kHz d)
[    51.177] (II) modeset(0): Modeline "1280x720"x59.9   74.50  1280 1344 1472 1664  720 723 728 748 -hsync +vsync (44.8 kHz d)
[    51.177] (II) modeset(0): Modeline "1280x720"x59.7   63.75  1280 1328 1360 1440  720 723 728 741 +hsync -vsync (44.3 kHz d)
[    51.177] (II) modeset(0): Modeline "1024x768"x120.1  133.47  1024 1100 1212 1400  768 768 770 794 doublescan -hsync +vsync (95.3 kHz d)
[    51.177] (II) modeset(0): Modeline "1024x768"x60.0   65.00  1024 1048 1184 1344  768 771 777 806 -hsync -vsync (48.4 kHz d)
[    51.177] (II) modeset(0): Modeline "960x720"x120.0  117.00  960 1024 1128 1300  720 720 722 750 doublescan -hsync +vsync (90.0 kHz d)
[    51.177] (II) modeset(0): Modeline "928x696"x120.1  109.15  928 976 1088 1264  696 696 698 719 doublescan -hsync +vsync (86.4 kHz d)
[    51.177] (II) modeset(0): Modeline "896x672"x120.0  102.40  896 960 1060 1224  672 672 674 697 doublescan -hsync +vsync (83.7 kHz d)
[    51.177] (II) modeset(0): Modeline "1024x576"x119.9   98.50  1024 1092 1200 1376  576 577 580 597 doublescan -hsync +vsync (71.6 kHz d)
[    51.177] (II) modeset(0): Modeline "1024x576"x119.9   78.38  1024 1048 1064 1104  576 577 580 592 doublescan +hsync -vsync (71.0 kHz d)
[    51.177] (II) modeset(0): Modeline "1024x576"x59.9   46.50  1024 1064 1160 1296  576 579 584 599 -hsync +vsync (35.9 kHz d)
[    51.177] (II) modeset(0): Modeline "1024x576"x59.8   42.00  1024 1072 1104 1184  576 579 584 593 +hsync -vsync (35.5 kHz d)
[    51.177] (II) modeset(0): Modeline "960x600"x119.9   96.62  960 1028 1128 1296  600 601 604 622 doublescan -hsync +vsync (74.6 kHz d)
[    51.177] (II) modeset(0): Modeline "960x600"x120.0   77.00  960 984 1000 1040  600 601 604 617 doublescan +hsync -vsync (74.0 kHz d)
[    51.177] (II) modeset(0): Modeline "960x540"x119.9   86.50  960 1024 1124 1288  540 541 544 560 doublescan -hsync +vsync (67.2 kHz d)
[    51.177] (II) modeset(0): Modeline "960x540"x120.0   69.25  960 984 1000 1040  540 541 544 555 doublescan +hsync -vsync (66.6 kHz d)
[    51.177] (II) modeset(0): Modeline "960x540"x59.6   40.75  960 992 1088 1216  540 543 548 562 -hsync +vsync (33.5 kHz d)
[    51.177] (II) modeset(0): Modeline "960x540"x59.8   37.25  960 1008 1040 1120  540 543 548 556 +hsync -vsync (33.3 kHz d)
[    51.177] (II) modeset(0): Modeline "800x600"x120.0   81.00  800 832 928 1080  600 600 602 625 doublescan +hsync +vsync (75.0 kHz d)
[    51.177] (II) modeset(0): Modeline "800x600"x60.3   40.00  800 840 968 1056  600 601 605 628 +hsync +vsync (37.9 kHz d)
[    51.177] (II) modeset(0): Modeline "800x600"x56.2   36.00  800 824 896 1024  600 601 603 625 +hsync +vsync (35.2 kHz d)
[    51.177] (II) modeset(0): Modeline "840x525"x120.0   73.12  840 892 980 1120  525 526 529 544 doublescan -hsync +vsync (65.3 kHz d)
[    51.177] (II) modeset(0): Modeline "840x525"x119.8   59.50  840 864 880 920  525 526 529 540 doublescan +hsync -vsync (64.7 kHz d)
[    51.177] (II) modeset(0): Modeline "864x486"x59.9   32.50  864 888 968 1072  486 489 494 506 -hsync +vsync (30.3 kHz d)
[    51.177] (II) modeset(0): Modeline "864x486"x59.6   30.50  864 912 944 1024  486 489 494 500 +hsync -vsync (29.8 kHz d)
[    51.177] (II) modeset(0): Modeline "700x525"x120.0   61.00  700 744 820 940  525 526 532 541 doublescan +hsync +vsync (64.9 kHz d)
[    51.177] (II) modeset(0): Modeline "800x450"x119.9   59.12  800 848 928 1056  450 451 454 467 doublescan -hsync +vsync (56.0 kHz d)
[    51.177] (II) modeset(0): Modeline "800x450"x119.6   48.75  800 824 840 880  450 451 454 463 doublescan +hsync -vsync (55.4 kHz d)
[    51.177] (II) modeset(0): Modeline "640x512"x120.0   54.00  640 664 720 844  512 512 514 533 doublescan +hsync +vsync (64.0 kHz d)
[    51.177] (II) modeset(0): Modeline "700x450"x119.9   51.75  700 740 812 924  450 451 456 467 doublescan -hsync +vsync (56.0 kHz d)
[    51.177] (II) modeset(0): Modeline "700x450"x119.8   43.25  700 724 740 780  450 451 456 463 doublescan +hsync -vsync (55.4 kHz d)
[    51.177] (II) modeset(0): Modeline "640x480"x120.0   54.00  640 688 744 900  480 480 482 500 doublescan +hsync +vsync (60.0 kHz d)
[    51.177] (II) modeset(0): Modeline "640x480"x59.9   25.18  640 656 752 800  480 490 492 525 -hsync -vsync (31.5 kHz d)
[    51.177] (II) modeset(0): Modeline "720x405"x59.5   22.50  720 744 808 896  405 408 413 422 -hsync +vsync (25.1 kHz d)
[    51.177] (II) modeset(0): Modeline "720x405"x59.0   21.75  720 768 800 880  405 408 413 419 +hsync -vsync (24.7 kHz d)
[    51.177] (II) modeset(0): Modeline "684x384"x119.8   42.62  684 720 788 892  384 385 390 399 doublescan -hsync +vsync (47.8 kHz d)
[    51.177] (II) modeset(0): Modeline "684x384"x119.7   36.12  684 708 724 764  384 385 390 395 doublescan +hsync -vsync (47.3 kHz d)
[    51.177] (II) modeset(0): Modeline "640x400"x119.8   41.75  640 676 740 840  400 401 404 415 doublescan -hsync +vsync (49.7 kHz d)
[    51.177] (II) modeset(0): Modeline "640x400"x120.0   35.50  640 664 680 720  400 401 404 411 doublescan +hsync -vsync (49.3 kHz d)
[    51.177] (II) modeset(0): Modeline "640x360"x119.7   37.25  640 672 736 832  360 361 364 374 doublescan -hsync +vsync (44.8 kHz d)
[    51.177] (II) modeset(0): Modeline "640x360"x119.7   31.88  640 664 680 720  360 361 364 370 doublescan +hsync -vsync (44.3 kHz d)
[    51.177] (II) modeset(0): Modeline "640x360"x59.8   18.00  640 664 720 800  360 363 368 376 -hsync +vsync (22.5 kHz d)
[    51.177] (II) modeset(0): Modeline "640x360"x59.3   17.75  640 688 720 800  360 363 368 374 +hsync -vsync (22.2 kHz d)
[    51.177] (II) modeset(0): Modeline "512x384"x120.0   32.50  512 524 592 672  384 385 388 403 doublescan -hsync -vsync (48.4 kHz d)
[    51.177] (II) modeset(0): Modeline "512x288"x120.0   23.25  512 532 580 648  288 289 292 299 doublescan -hsync +vsync (35.9 kHz d)
[    51.177] (II) modeset(0): Modeline "512x288"x119.8   21.00  512 536 552 592  288 289 292 296 doublescan +hsync -vsync (35.5 kHz d)
[    51.177] (II) modeset(0): Modeline "480x270"x119.3   20.38  480 496 544 608  270 271 274 281 doublescan -hsync +vsync (33.5 kHz d)
[    51.177] (II) modeset(0): Modeline "480x270"x119.6   18.62  480 504 520 560  270 271 274 278 doublescan +hsync -vsync (33.3 kHz d)
[    51.177] (II) modeset(0): Modeline "400x300"x120.6   20.00  400 420 484 528  300 300 302 314 doublescan +hsync +vsync (37.9 kHz d)
[    51.177] (II) modeset(0): Modeline "400x300"x112.7   18.00  400 412 448 512  300 300 301 312 doublescan +hsync +vsync (35.2 kHz d)
[    51.177] (II) modeset(0): Modeline "432x243"x119.8   16.25  432 444 484 536  243 244 247 253 doublescan -hsync +vsync (30.3 kHz d)
[    51.177] (II) modeset(0): Modeline "432x243"x119.1   15.25  432 456 472 512  243 244 247 250 doublescan +hsync -vsync (29.8 kHz d)
[    51.177] (II) modeset(0): Modeline "320x240"x120.1   12.59  320 328 376 400  240 245 246 262 doublescan -hsync -vsync (31.5 kHz d)
[    51.177] (II) modeset(0): Modeline "360x202"x119.0   11.25  360 372 404 448  202 204 206 211 doublescan -hsync +vsync (25.1 kHz d)
[    51.177] (II) modeset(0): Modeline "360x202"x118.3   10.88  360 384 400 440  202 204 206 209 doublescan +hsync -vsync (24.7 kHz d)
[    51.177] (II) modeset(0): Modeline "320x180"x119.7    9.00  320 332 360 400  180 181 184 188 doublescan -hsync +vsync (22.5 kHz d)
[    51.177] (II) modeset(0): Modeline "320x180"x118.6    8.88  320 344 360 400  180 181 184 187 doublescan +hsync -vsync (22.2 kHz d)
[    51.177] (II) modeset(0): EDID for output DP-1
[    51.181] (II) modeset(0): EDID for output HDMI-1
[    51.181] (II) modeset(0): EDID for output DP-2
[    51.185] (II) modeset(0): EDID for output HDMI-2
[    51.185] (II) modeset(0): Output eDP-1 connected
[    51.185] (II) modeset(0): Output DP-1 disconnected
[    51.185] (II) modeset(0): Output HDMI-1 disconnected
[    51.185] (II) modeset(0): Output DP-2 disconnected
[    51.185] (II) modeset(0): Output HDMI-2 disconnected
[    51.185] (II) modeset(0): Using exact sizes for initial modes
[    51.185] (II) modeset(0): Output eDP-1 using initial mode 1920x1080 +0+0
[    51.185] (==) modeset(0): Using gamma correction (1.0, 1.0, 1.0)
[    51.185] (==) modeset(0): DPI set to (96, 96)
[    51.185] (II) Loading sub module "fb"
[    51.185] (II) LoadModule: "fb"
[    51.185] (II) Module "fb" already built-in
[    51.185] (II) UnloadModule: "vesa"
[    51.185] (II) Unloading vesa
[    51.197] (==) modeset(0): Backing store enabled
[    51.197] (==) modeset(0): Silken mouse enabled
[    51.278] (II) modeset(0): Initializing kms color map for depth 24, 8 bpc.
[    51.278] (==) modeset(0): DPMS enabled
[    51.278] (II) modeset(0): [DRI2] Setup complete
[    51.278] (II) modeset(0): [DRI2]   DRI driver: iris
[    51.278] (II) modeset(0): [DRI2]   VDPAU driver: va_gl
[    51.278] (II) Initializing extension Generic Event Extension
[    51.279] (II) Initializing extension SHAPE
[    51.279] (II) Initializing extension MIT-SHM
[    51.279] (II) Initializing extension XInputExtension
[    51.279] (II) Initializing extension XTEST
[    51.279] (II) Initializing extension BIG-REQUESTS
[    51.279] (II) Initializing extension SYNC
[    51.280] (II) Initializing extension XKEYBOARD
[    51.280] (II) Initializing extension XC-MISC
[    51.280] (II) Initializing extension SECURITY
[    51.280] (II) Initializing extension XFIXES
[    51.280] (II) Initializing extension RENDER
[    51.281] (II) Initializing extension RANDR
[    51.281] (II) Initializing extension COMPOSITE
[    51.281] (II) Initializing extension DAMAGE
[    51.281] (II) Initializing extension MIT-SCREEN-SAVER
[    51.281] (II) Initializing extension DOUBLE-BUFFER
[    51.282] (II) Initializing extension RECORD
[    51.282] (II) Initializing extension DPMS
[    51.282] (II) Initializing extension Present
[    51.282] (II) Initializing extension DRI3
[    51.282] (II) Initializing extension X-Resource
[    51.282] (II) Initializing extension XVideo
[    51.283] (II) Initializing extension XVideo-MotionCompensation
[    51.283] (II) Initializing extension GLX
[    51.296] (II) AIGLX: Loaded and initialized iris
[    51.296] (II) GLX: Initialized DRI2 GL provider for screen 0
[    51.296] (II) Initializing extension XFree86-VidModeExtension
[    51.296] (II) Initializing extension XFree86-DGA
[    51.296] (II) Initializing extension XFree86-DRI
[    51.296] (II) Initializing extension DRI2
[    51.297] (II) modeset(0): Damage tracking initialized
[    51.297] (II) modeset(0): Setting screen physical size to 508 x 285
[    51.390] (II) config/udev: Adding input device Power Button (/dev/input/event2)
[    51.390] (**) Power Button: Applying InputClass "libinput keyboard catchall"
[    51.390] (II) LoadModule: "libinput"
[    51.390] (II) Loading /usr/lib/xorg/modules/input/libinput_drv.so
[    51.392] (II) Module libinput: vendor="X.Org Foundation"
[    51.392] 	compiled for 1.21.1.8, module version = 1.4.0
[    51.392] 	Module class: X.Org XInput Driver
[    51.392] 	ABI class: X.Org XInput driver, version 24.4
[    51.392] (II) Using input driver 'libinput' for 'Power Button'
[    51.393] (II) systemd-logind: got fd for /dev/input/event2 13:66 fd 27 paused 0
[    51.393] (**) Power Button: always reports core events
[    51.393] (**) Option "Device" "/dev/input/event2"
[    51.395] (II) event2  - Power Button: is tagged by udev as: Keyboard
[    51.395] (II) event2  - Power Button: device is a keyboard
[    51.395] (II) event2  - Power Button: device removed
[    51.395] (**) Option "config_info" "udev:/sys/devices/LNXSYSTM:00/LNXPWRBN:00/input/input2/event2"
[    51.395] (II) XINPUT: Adding extended input device "Power Button" (type: KEYBOARD, id 6)
[    51.396] (II) event2  - Power Button: is tagged by udev as: Keyboard
[    51.396] (II) event2  - Power Button: device is a keyboard
[    51.397] (II) config/udev: Adding input device Video Bus (/dev/input/event4)
[    51.397] (**) Video Bus: Applying InputClass "libinput keyboard catchall"
[    51.397] (II) Using input driver 'libinput' for 'Video Bus'
[    51.398] (II) systemd-logind: got fd for /dev/input/event4 13:68 fd 30 paused 0
[    51.398] (**) Video Bus: always reports core events
[    51.398] (**) Option "Device" "/dev/input/event4"
[    51.399] (II) event4  - Video Bus: is tagged by udev as: Keyboard
[    51.399] (II) event4  - Video Bus: device is a keyboard
[    51.399] (II) event4  - Video Bus: device removed
[    51.400] (**) Option "config_info" "udev:/sys/devices/LNXSYSTM:00/LNXSYBUS:00/PNP0A08:00/LNXVIDEO:00/input/input8/event4"
[    51.400] (II) XINPUT: Adding extended input device "Video Bus" (type: KEYBOARD, id 7)
[    51.401] (II) event4  - Video Bus: is tagged by udev as: Keyboard
[    51.401] (II) event4  - Video Bus: device is a keyboard
[    51.401] (II) config/udev: Adding input device Lid Switch (/dev/input/event1)
[    51.401] (II) No input driver specified, ignoring this device.
[    51.401] (II) This device may have been added with another device file.
[    51.402] (II) config/udev: Adding input device Sleep Button (/dev/input/event0)
[    51.402] (**) Sleep Button: Applying InputClass "libinput keyboard catchall"
[    51.402] (II) Using input driver 'libinput' for 'Sleep Button'
[    51.403] (II) systemd-logind: got fd for /dev/input/event0 13:64 fd 31 paused 0
[    51.403] (**) Sleep Button: always reports core events
[    51.403] (**) Option "Device" "/dev/input/event0"
[    51.404] (II) event0  - Sleep Button: is tagged by udev as: Keyboard
[    51.404] (II) event0  - Sleep Button: device is a keyboard
[    51.404] (II) event0  - Sleep Button: device removed
[    51.404] (**) Option "config_info" "udev:/sys/devices/LNXSYSTM:00/LNXSYBUS:00/PNP0C0E:00/input/input0/event0"
[    51.404] (II) XINPUT: Adding extended input device "Sleep Button" (type: KEYBOARD, id 8)
[    51.405] (II) event0  - Sleep Button: is tagged by udev as: Keyboard
[    51.405] (II) event0  - Sleep Button: device is a keyboard
[    51.407] (II) config/udev: Adding input device HDA Intel PCH Mic (/dev/input/event9)
[    51.407] (II) No input driver specified, ignoring this device.
[    51.407] (II) This device may have been added with another device file.
[    51.407] (II) config/udev: Adding input device HDA Intel PCH Line (/dev/input/event10)
[    51.407] (II) No input driver specified, ignoring this device.
[    51.407] (II) This device may have been added with another device file.
[    51.408] (II) config/udev: Adding input device HDA Intel PCH Dock Line Out (/dev/input/event11)
[    51.408] (II) No input driver specified, ignoring this device.
[    51.408] (II) This device may have been added with another device file.
[    51.408] (II) config/udev: Adding input device HDA Intel PCH Headphone (/dev/input/event12)
[    51.408] (II) No input driver specified, ignoring this device.
[    51.408] (II) This device may have been added with another device file.
[    51.409] (II) config/udev: Adding input device HDA Intel PCH HDMI/DP,pcm=3 (/dev/input/event13)
[    51.409] (II) No input driver specified, ignoring this device.
[    51.409] (II) This device may have been added with another device file.
[    51.409] (II) config/udev: Adding input device HDA Intel PCH HDMI/DP,pcm=7 (/dev/input/event14)
[    51.409] (II) No input driver specified, ignoring this device.
[    51.409] (II) This device may have been added with another device file.
[    51.409] (II) config/udev: Adding input device HDA Intel PCH HDMI/DP,pcm=8 (/dev/input/event15)
[    51.409] (II) No input driver specified, ignoring this device.
[    51.409] (II) This device may have been added with another device file.
[    51.410] (II) config/udev: Adding input device AT Translated Set 2 keyboard (/dev/input/event3)
[    51.410] (**) AT Translated Set 2 keyboard: Applying InputClass "libinput keyboard catchall"
[    51.410] (II) Using input driver 'libinput' for 'AT Translated Set 2 keyboard'
[    51.411] (II) systemd-logind: got fd for /dev/input/event3 13:67 fd 32 paused 0
[    51.411] (**) AT Translated Set 2 keyboard: always reports core events
[    51.411] (**) Option "Device" "/dev/input/event3"
[    51.412] (II) event3  - AT Translated Set 2 keyboard: is tagged by udev as: Keyboard
[    51.412] (II) event3  - AT Translated Set 2 keyboard: device is a keyboard
[    51.413] (II) event3  - AT Translated Set 2 keyboard: device removed
[    51.413] (**) Option "config_info" "udev:/sys/devices/platform/i8042/serio0/input/input3/event3"
[    51.413] (II) XINPUT: Adding extended input device "AT Translated Set 2 keyboard" (type: KEYBOARD, id 9)
[    51.414] (II) event3  - AT Translated Set 2 keyboard: is tagged by udev as: Keyboard
[    51.414] (II) event3  - AT Translated Set 2 keyboard: device is a keyboard
[    51.415] (II) config/udev: Adding input device PS/2 Generic Mouse (/dev/input/event16)
[    51.415] (**) PS/2 Generic Mouse: Applying InputClass "libinput pointer catchall"
[    51.415] (II) Using input driver 'libinput' for 'PS/2 Generic Mouse'
[    51.416] (II) systemd-logind: got fd for /dev/input/event16 13:80 fd 33 paused 0
[    51.416] (**) PS/2 Generic Mouse: always reports core events
[    51.416] (**) Option "Device" "/dev/input/event16"
[    51.417] (II) event16 - PS/2 Generic Mouse: is tagged by udev as: Mouse
[    51.417] (II) event16 - PS/2 Generic Mouse: device is a pointer
[    51.417] (II) event16 - PS/2 Generic Mouse: device removed
[    51.417] (II) libinput: PS/2 Generic Mouse: Step value 0 was provided, libinput Fallback acceleration function is used.
[    51.417] (II) libinput: PS/2 Generic Mouse: Step value 0 was provided, libinput Fallback acceleration function is used.
[    51.417] (II) libinput: PS/2 Generic Mouse: Step value 0 was provided, libinput Fallback acceleration function is used.
[    51.417] (**) Option "config_info" "udev:/sys/devices/platform/i8042/serio2/input/input12/event16"
[    51.417] (II) XINPUT: Adding extended input device "PS/2 Generic Mouse" (type: MOUSE, id 10)
[    51.418] (**) Option "AccelerationScheme" "none"
[    51.418] (**) PS/2 Generic Mouse: (accel) selected scheme none/0
[    51.418] (**) PS/2 Generic Mouse: (accel) acceleration factor: 2.000
[    51.418] (**) PS/2 Generic Mouse: (accel) acceleration threshold: 4
[    51.419] (II) event16 - PS/2 Generic Mouse: is tagged by udev as: Mouse
[    51.419] (II) event16 - PS/2 Generic Mouse: device is a pointer
[    51.419] (II) config/udev: Adding input device PS/2 Generic Mouse (/dev/input/mouse0)
[    51.419] (II) No input driver specified, ignoring this device.
[    51.419] (II) This device may have been added with another device file.
[    51.420] (II) config/udev: Adding input device SynPS/2 Synaptics TouchPad (/dev/input/event17)
[    51.420] (**) SynPS/2 Synaptics TouchPad: Applying InputClass "libinput touchpad catchall"
[    51.420] (II) Using input driver 'libinput' for 'SynPS/2 Synaptics TouchPad'
[    51.421] (II) systemd-logind: got fd for /dev/input/event17 13:81 fd 34 paused 0
[    51.421] (**) SynPS/2 Synaptics TouchPad: always reports core events
[    51.421] (**) Option "Device" "/dev/input/event17"
[    51.422] (II) event17 - SynPS/2 Synaptics TouchPad: is tagged by udev as: Touchpad
[    51.423] (II) event17 - SynPS/2 Synaptics TouchPad: device is a touchpad
[    51.423] (II) event17 - SynPS/2 Synaptics TouchPad: device removed
[    51.424] (II) libinput: SynPS/2 Synaptics TouchPad: Step value 0 was provided, libinput Fallback acceleration function is used.
[    51.424] (II) libinput: SynPS/2 Synaptics TouchPad: Step value 0 was provided, libinput Fallback acceleration function is used.
[    51.424] (II) libinput: SynPS/2 Synaptics TouchPad: Step value 0 was provided, libinput Fallback acceleration function is used.
[    51.424] (**) Option "config_info" "udev:/sys/devices/platform/i8042/serio3/input/input22/event17"
[    51.424] (II) XINPUT: Adding extended input device "SynPS/2 Synaptics TouchPad" (type: TOUCHPAD, id 11)
[    51.424] (**) Option "AccelerationScheme" "none"
[    51.424] (**) SynPS/2 Synaptics TouchPad: (accel) selected scheme none/0
[    51.424] (**) SynPS/2 Synaptics TouchPad: (accel) acceleration factor: 2.000
[    51.424] (**) SynPS/2 Synaptics TouchPad: (accel) acceleration threshold: 4
[    51.425] (II) event17 - SynPS/2 Synaptics TouchPad: is tagged by udev as: Touchpad
[    51.427] (II) event17 - SynPS/2 Synaptics TouchPad: device is a touchpad
[    51.428] (II) config/udev: Adding input device SynPS/2 Synaptics TouchPad (/dev/input/mouse1)
[    51.428] (II) No input driver specified, ignoring this device.
[    51.428] (II) This device may have been added with another device file.
[    51.428] (II) config/udev: Adding input device ST LIS3LV02DL Accelerometer (/dev/input/event8)
[    51.428] (II) No input driver specified, ignoring this device.
[    51.428] (II) This device may have been added with another device file.
[    51.429] (II) config/udev: Adding input device ST LIS3LV02DL Accelerometer (/dev/input/js0)
[    51.429] (II) No input driver specified, ignoring this device.
[    51.429] (II) This device may have been added with another device file.
[    51.429] (II) config/udev: Adding input device PC Speaker (/dev/input/event6)
[    51.429] (II) No input driver specified, ignoring this device.
[    51.429] (II) This device may have been added with another device file.
[    51.433] (II) config/udev: Adding input device HP WMI hotkeys (/dev/input/event7)
[    51.433] (**) HP WMI hotkeys: Applying InputClass "libinput keyboard catchall"
[    51.433] (II) Using input driver 'libinput' for 'HP WMI hotkeys'
[    51.433] (II) systemd-logind: got fd for /dev/input/event7 13:71 fd 35 paused 0
[    51.433] (**) HP WMI hotkeys: always reports core events
[    51.434] (**) Option "Device" "/dev/input/event7"
[    51.434] (II) event7  - HP WMI hotkeys: is tagged by udev as: Keyboard Switch
[    51.434] (II) event7  - HP WMI hotkeys: device is a keyboard
[    51.435] (II) event7  - HP WMI hotkeys: device removed
[    51.435] (**) Option "config_info" "udev:/sys/devices/virtual/input/input13/event7"
[    51.435] (II) XINPUT: Adding extended input device "HP WMI hotkeys" (type: KEYBOARD, id 12)
[    51.435] (II) event7  - HP WMI hotkeys: is tagged by udev as: Keyboard Switch
[    51.435] (II) event7  - HP WMI hotkeys: device is a keyboard
[    51.436] (II) config/udev: Adding input device Wireless hotkeys (/dev/input/event5)
[    51.436] (**) Wireless hotkeys: Applying InputClass "libinput keyboard catchall"
[    51.436] (II) Using input driver 'libinput' for 'Wireless hotkeys'
[    51.437] (II) systemd-logind: got fd for /dev/input/event5 13:69 fd 36 paused 0
[    51.437] (**) Wireless hotkeys: always reports core events
[    51.437] (**) Option "Device" "/dev/input/event5"
[    51.438] (II) event5  - Wireless hotkeys: is tagged by udev as: Keyboard
[    51.438] (II) event5  - Wireless hotkeys: device is a keyboard
[    51.438] (II) event5  - Wireless hotkeys: device removed
[    51.438] (**) Option "config_info" "udev:/sys/devices/virtual/input/input9/event5"
[    51.438] (II) XINPUT: Adding extended input device "Wireless hotkeys" (type: KEYBOARD, id 13)
[    51.439] (II) event5  - Wireless hotkeys: is tagged by udev as: Keyboard
[    51.439] (II) event5  - Wireless hotkeys: device is a keyboard
[    51.697] (II) modeset(0): EDID vendor "AUO", prod id 4669
[    51.697] (II) modeset(0): Printing DDC gathered Modelines:
[    51.697] (II) modeset(0): Modeline "1920x1080"x0.0  141.00  1920 1968 2068 2100  1080 1083 1084 1118 -hsync -vsync (67.1 kHz eP)
[    51.697] (II) modeset(0): Modeline "1920x1080"x0.0   94.00  1920 1968 2068 2100  1080 1083 1084 1118 -hsync -vsync (44.8 kHz e)
[   251.283] (II) modeset(0): EDID vendor "AUO", prod id 4669
[   251.283] (II) modeset(0): Printing DDC gathered Modelines:
[   251.283] (II) modeset(0): Modeline "1920x1080"x0.0  141.00  1920 1968 2068 2100  1080 1083 1084 1118 -hsync -vsync (67.1 kHz eP)
[   251.283] (II) modeset(0): Modeline "1920x1080"x0.0   94.00  1920 1968 2068 2100  1080 1083 1084 1118 -hsync -vsync (44.8 kHz e)
[  6197.848] (II) modeset(0): EDID vendor "AUO", prod id 4669
[  6197.848] (II) modeset(0): Printing DDC gathered Modelines:
[  6197.848] (II) modeset(0): Modeline "1920x1080"x0.0  141.00  1920 1968 2068 2100  1080 1083 1084 1118 -hsync -vsync (67.1 kHz eP)
[  6197.848] (II) modeset(0): Modeline "1920x1080"x0.0   94.00  1920 1968 2068 2100  1080 1083 1084 1118 -hsync -vsync (44.8 kHz e)
